<?xml version="1.0" encoding="UTF-8"?>
<!-- Generated by org.testng.reporters.JUnitReportReporter -->
<testsuite hostname="DESKTOP-56J5GQU" failures="0" tests="4" name="testNG.SampleTestCase" time="0.049" errors="0" timestamp="2023-02-21T19:52:56 IST" skipped="1">
  <testcase classname="testNG.SampleTestCase" name="firstTestCase" time="0.021"/>
  <system-out/>
  <testcase classname="testNG.SampleTestCase" name="secondTestCase" time="0.020"/>
  <system-out/>
  <testcase classname="testNG.SampleTestCase" name="fourthTestCase" time="0.008"/>
  <system-out/>
  <testcase classname="testNG.SampleTestCase" name="thirdTestCase">
    <skipped/>
  </testcase> <!-- thirdTestCase -->
  <system-out/>
</testsuite> <!-- testNG.SampleTestCase -->
