<?xml version="1.0" encoding="UTF-8"?>
<!-- Generated by org.testng.reporters.JUnitReportReporter -->
<testsuite hostname="DESKTOP-56J5GQU" failures="0" tests="3" name="testNG.Dependency" time="0.022" errors="0" timestamp="2021-11-24T20:00:20 IST" skipped="0">
  <testcase classname="testNG.Dependency" name="highschool" time="0.016"/>
  <system-out/>
  <testcase classname="testNG.Dependency" name="college" time="0.004"/>
  <system-out/>
  <testcase classname="testNG.Dependency" name="highersecondary" time="0.002"/>
  <system-out/>
</testsuite> <!-- testNG.Dependency -->
