<?xml version="1.0" encoding="UTF-8"?>
<!-- Generated by org.testng.reporters.JUnitReportReporter -->
<testsuite hostname="DESKTOP-56J5GQU" failures="0" tests="1" name="Testscenarios.RegisterTest" time="8.060" errors="0" timestamp="2023-07-05T15:11:46 IST" skipped="0">
  <testcase classname="Testscenarios.RegisterTest" name="reg_process" time="8.060"/>
  <system-out/>
</testsuite> <!-- Testscenarios.RegisterTest -->
