<?xml version="1.0" encoding="UTF-8"?>
<!-- Generated by org.testng.reporters.JUnitReportReporter -->
<testsuite hostname="DESKTOP-56J5GQU" failures="0" tests="1" name="API.Sumvalidations" time="5.985" errors="0" timestamp="2023-07-05T15:19:57 IST" skipped="0">
  <testcase classname="API.Sumvalidations" name="Sumofcourses" time="5.985"/>
  <system-out/>
</testsuite> <!-- API.Sumvalidations -->
